<?xml version="1.0" encoding="UTF-8"?>
<testng-results skipped="0" failed="0" ignored="0" total="1" passed="1">
  <reporter-output>
  </reporter-output>
  <suite name="Suite" duration-ms="36367" started-at="2019-11-04T10:06:25Z" finished-at="2019-11-04T10:07:01Z">
    <groups>
    </groups>
    <test name="Test" duration-ms="36367" started-at="2019-11-04T10:06:25Z" finished-at="2019-11-04T10:07:01Z">
      <class name="com.test.TESTActitimeLogin">
        <test-method status="PASS" signature="openApp()[pri:0, instance:com.test.TESTActitimeLogin@17d0685f]" name="openApp" is-config="true" duration-ms="28781" started-at="2019-11-04T10:06:25Z" finished-at="2019-11-04T10:06:53Z">
          <reporter-output>
          </reporter-output>
        </test-method> <!-- openApp -->
        <test-method status="PASS" signature="login()[pri:0, instance:com.test.TESTActitimeLogin@17d0685f]" name="login" duration-ms="7538" started-at="2019-11-04T10:06:53Z" finished-at="2019-11-04T10:07:01Z">
          <reporter-output>
          </reporter-output>
        </test-method> <!-- login -->
        <test-method status="PASS" signature="closeApp()[pri:0, instance:com.test.TESTActitimeLogin@17d0685f]" name="closeApp" is-config="true" duration-ms="1" started-at="2019-11-04T10:07:01Z" finished-at="2019-11-04T10:07:01Z">
          <reporter-output>
          </reporter-output>
        </test-method> <!-- closeApp -->
      </class> <!-- com.test.TESTActitimeLogin -->
    </test> <!-- Test -->
  </suite> <!-- Suite -->
</testng-results>
